  Memory set to 953.674 MiB by Python driver.

Initalizing CCSD object...

Starting AO ->  MO transformation...
Size of the ERI tensor is 0.00 GB, 13 basis functions.
Building initial guess...

..initialized CCSD in 0.015 seconds.

CCSD Iteration   0: CCSD correlation = -0.132348289653805   dE =  1.32348E-01   MP2
CCSD Iteration   1: CCSD correlation = -0.134256402161141   dE = -1.90811E-03   DIIS = 0
CCSD Iteration   2: CCSD correlation = -0.137403701966724   dE = -3.14730E-03   DIIS = 1
CCSD Iteration   3: CCSD correlation = -0.138630274864868   dE = -1.22657E-03   DIIS = 2
CCSD Iteration   4: CCSD correlation = -0.138977703016236   dE = -3.47428E-04   DIIS = 3
CCSD Iteration   5: CCSD correlation = -0.139004463649953   dE = -2.67606E-05   DIIS = 4
CCSD Iteration   6: CCSD correlation = -0.139009248115504   dE = -4.78447E-06   DIIS = 5
CCSD Iteration   7: CCSD correlation = -0.139007283661773   dE =  1.96445E-06   DIIS = 6
CCSD Iteration   8: CCSD correlation = -0.139007099677469   dE =  1.83984E-07   DIIS = 7
CCSD Iteration   9: CCSD correlation = -0.139007074311785   dE =  2.53657E-08   DIIS = 7
CCSD Iteration  10: CCSD correlation = -0.139007053874574   dE =  2.04372E-08   DIIS = 7
CCSD Iteration  11: CCSD correlation = -0.139007055358744   dE = -1.48417E-09   DIIS = 7

CCSD has converged in 0.024 seconds!


Final CCSD correlation energy:..-0.139007055358744
Total CCSD energy:............,-76.119773617040636

Building HBAR components ...

..HBAR Build completed !!
ndocc = 5
nvir = 8
nov = 40
H2O-631g/Data-T1.txt
(5, 8)
H2O-631g/Data-T2.txt
(5, 5, 8, 8)
H2O-631g/Data-Foo.txt
(5, 5)
H2O-631g/Data-Fvv.txt
(8, 8)
H2O-631g/Data-Fov.txt
(5, 8)
H2O-631g/Data-Woooo.txt
(5, 5, 5, 5)
H2O-631g/Data-Wvvvv.txt
(8, 8, 8, 8)
H2O-631g/Data-Wvovv.txt
(8, 5, 8, 8)
H2O-631g/Data-Wooov.txt
(5, 5, 5, 8)
H2O-631g/Data-Wovvo.txt
(5, 8, 8, 5)
H2O-631g/Data-Wovov.txt
(5, 8, 5, 8)
H2O-631g/Data-Wvvvo.txt
(8, 8, 8, 5)
H2O-631g/Data-Wovoo.txt
(5, 8, 5, 5)
H2O-631g/Data-Woovv.txt
(5, 5, 8, 8)

